<?xml version="1.0" encoding="UTF-8"?>
<!-- Generated by org.testng.reporters.JUnitReportReporter -->
<testsuite hostname="DESKTOP-BA3DBD9" failures="0" tests="1" name="classprojectorangehrm.Orangehrm" time="32.397" errors="0" timestamp="2023-10-20T14:35:00 IST" skipped="0">
  <testcase classname="classprojectorangehrm.Orangehrm" name="LoadPage" time="32.397"/>
  <system-out/>
</testsuite> <!-- classprojectorangehrm.Orangehrm -->
